# JRE version: Java(TM) SE Runtime Environment (8.0_131-b11) (build 1.8.0_131-b11)
# Java VM: Java HotSpot(TM) 64-Bit Server VM (25.131-b11 mixed mode windows-amd64 compressed oops)
Heap:
 PSYoungGen      total 68608K, used 22591K [0x00000000d6b00000, 0x00000000dfa00000, 0x0000000100000000)
  eden space 63488K, 35% used [0x00000000d6b00000,0x00000000d810fc88,0x00000000da900000)
  from space 5120K, 0% used [0x00000000da900000,0x00000000da900000,0x00000000dae00000)
  to   space 9728K, 0% used [0x00000000df080000,0x00000000df080000,0x00000000dfa00000)
 ParOldGen       total 54784K, used 5356K [0x0000000084000000, 0x0000000087580000, 0x00000000d6b00000)
  object space 54784K, 9% used [0x0000000084000000,0x000000008453b3a8,0x0000000087580000)
 Metaspace       used 23067K, capacity 23616K, committed 23936K, reserved 1071104K
  class space    used 2915K, capacity 3075K, committed 3200K, reserved 1048576K
GC Heap History (10 events):
Event: 5.469 GC heap before
{Heap before GC invocations=2 (full 0):
 PSYoungGen      total 36864K, used 36560K [0x00000000d6b00000, 0x00000000d9400000, 0x0000000100000000)
  eden space 31744K, 100% used [0x00000000d6b00000,0x00000000d8a00000,0x00000000d8a00000)
  from space 5120K, 94% used [0x00000000d8a00000,0x00000000d8eb40f8,0x00000000d8f00000)
  to   space 5120K, 0% used [0x00000000d8f00000,0x00000000d8f00000,0x00000000d9400000)
 ParOldGen       total 84992K, used 8K [0x0000000084000000, 0x0000000089300000, 0x00000000d6b00000)
  object space 84992K, 0% used [0x0000000084000000,0x0000000084002000,0x0000000089300000)
 Metaspace       used 11270K, capacity 11550K, committed 11776K, reserved 1058816K
  class space    used 1382K, capacity 1484K, committed 1536K, reserved 1048576K
Event: 5.489 GC heap after
Heap after GC invocations=2 (full 0):
 PSYoungGen      total 36864K, used 5099K [0x00000000d6b00000, 0x00000000d9400000, 0x0000000100000000)
  eden space 31744K, 0% used [0x00000000d6b00000,0x00000000d6b00000,0x00000000d8a00000)
  from space 5120K, 99% used [0x00000000d8f00000,0x00000000d93fad98,0x00000000d9400000)
  to   space 5120K, 0% used [0x00000000d8a00000,0x00000000d8a00000,0x00000000d8f00000)
 ParOldGen       total 84992K, used 1778K [0x0000000084000000, 0x0000000089300000, 0x00000000d6b00000)
  object space 84992K, 2% used [0x0000000084000000,0x00000000841bcbb8,0x0000000089300000)
 Metaspace       used 11270K, capacity 11550K, committed 11776K, reserved 1058816K
  class space    used 1382K, capacity 1484K, committed 1536K, reserved 1048576K
}
Event: 6.587 GC heap before
{Heap before GC invocations=3 (full 0):
 PSYoungGen      total 36864K, used 36843K [0x00000000d6b00000, 0x00000000d9400000, 0x0000000100000000)
  eden space 31744K, 100% used [0x00000000d6b00000,0x00000000d8a00000,0x00000000d8a00000)
  from space 5120K, 99% used [0x00000000d8f00000,0x00000000d93fad98,0x00000000d9400000)
  to   space 5120K, 0% used [0x00000000d8a00000,0x00000000d8a00000,0x00000000d8f00000)
 ParOldGen       total 84992K, used 1778K [0x0000000084000000, 0x0000000089300000, 0x00000000d6b00000)
  object space 84992K, 2% used [0x0000000084000000,0x00000000841bcbb8,0x0000000089300000)
 Metaspace       used 15110K, capacity 15534K, committed 15616K, reserved 1062912K
  class space    used 1903K, capacity 2036K, committed 2048K, reserved 1048576K
Event: 6.604 GC heap after
Heap after GC invocations=3 (full 0):
 PSYoungGen      total 36864K, used 5119K [0x00000000d6b00000, 0x00000000db300000, 0x0000000100000000)
  eden space 31744K, 0% used [0x00000000d6b00000,0x00000000d6b00000,0x00000000d8a00000)
  from space 5120K, 99% used [0x00000000d8a00000,0x00000000d8effd40,0x00000000d8f00000)
  to   space 5120K, 0% used [0x00000000dae00000,0x00000000dae00000,0x00000000db300000)
 ParOldGen       total 84992K, used 3960K [0x0000000084000000, 0x0000000089300000, 0x00000000d6b00000)
  object space 84992K, 4% used [0x0000000084000000,0x00000000843de340,0x0000000089300000)
 Metaspace       used 15110K, capacity 15534K, committed 15616K, reserved 1062912K
  class space    used 1903K, capacity 2036K, committed 2048K, reserved 1048576K
}
Event: 7.538 GC heap before
{Heap before GC invocations=4 (full 0):
 PSYoungGen      total 36864K, used 36863K [0x00000000d6b00000, 0x00000000db300000, 0x0000000100000000)
  eden space 31744K, 100% used [0x00000000d6b00000,0x00000000d8a00000,0x00000000d8a00000)
  from space 5120K, 99% used [0x00000000d8a00000,0x00000000d8effd40,0x00000000d8f00000)
  to   space 5120K, 0% used [0x00000000dae00000,0x00000000dae00000,0x00000000db300000)
 ParOldGen       total 84992K, used 3960K [0x0000000084000000, 0x0000000089300000, 0x00000000d6b00000)
  object space 84992K, 4% used [0x0000000084000000,0x00000000843de340,0x0000000089300000)
 Metaspace       used 18625K, capacity 19030K, committed 19456K, reserved 1067008K
  class space    used 2359K, capacity 2456K, committed 2560K, reserved 1048576K
Event: 7.558 GC heap after
Heap after GC invocations=4 (full 0):
 PSYoungGen      total 68608K, used 5097K [0x00000000d6b00000, 0x00000000db300000, 0x0000000100000000)
  eden space 63488K, 0% used [0x00000000d6b00000,0x00000000d6b00000,0x00000000da900000)
  from space 5120K, 99% used [0x00000000dae00000,0x00000000db2fa4b0,0x00000000db300000)
  to   space 5120K, 0% used [0x00000000da900000,0x00000000da900000,0x00000000dae00000)
 ParOldGen       total 84992K, used 7655K [0x0000000084000000, 0x0000000089300000, 0x00000000d6b00000)
  object space 84992K, 9% used [0x0000000084000000,0x0000000084779cf0,0x0000000089300000)
 Metaspace       used 18625K, capacity 19030K, committed 19456K, reserved 1067008K
  class space    used 2359K, capacity 2456K, committed 2560K, reserved 1048576K
}
Event: 8.134 GC heap before
{Heap before GC invocations=5 (full 0):
 PSYoungGen      total 68608K, used 22779K [0x00000000d6b00000, 0x00000000db300000, 0x0000000100000000)
  eden space 63488K, 27% used [0x00000000d6b00000,0x00000000d7c447c0,0x00000000da900000)
  from space 5120K, 99% used [0x00000000dae00000,0x00000000db2fa4b0,0x00000000db300000)
  to   space 5120K, 0% used [0x00000000da900000,0x00000000da900000,0x00000000dae00000)
 ParOldGen       total 84992K, used 7655K [0x0000000084000000, 0x0000000089300000, 0x00000000d6b00000)
  object space 84992K, 9% used [0x0000000084000000,0x0000000084779cf0,0x0000000089300000)
 Metaspace       used 20735K, capacity 21140K, committed 21248K, reserved 1067008K
  class space    used 2655K, capacity 2787K, committed 2816K, reserved 1048576K
Event: 8.152 GC heap after
Heap after GC invocations=5 (full 0):
 PSYoungGen      total 68608K, used 5097K [0x00000000d6b00000, 0x00000000dfa00000, 0x0000000100000000)
  eden space 63488K, 0% used [0x00000000d6b00000,0x00000000d6b00000,0x00000000da900000)
  from space 5120K, 99% used [0x00000000da900000,0x00000000dadfa4d0,0x00000000dae00000)
  to   space 9728K, 0% used [0x00000000df080000,0x00000000df080000,0x00000000dfa00000)
 ParOldGen       total 84992K, used 9090K [0x0000000084000000, 0x0000000089300000, 0x00000000d6b00000)
  object space 84992K, 10% used [0x0000000084000000,0x00000000848e0a28,0x0000000089300000)
 Metaspace       used 20735K, capacity 21140K, committed 21248K, reserved 1067008K
  class space    used 2655K, capacity 2787K, committed 2816K, reserved 1048576K
}
Event: 8.152 GC heap before
{Heap before GC invocations=6 (full 1):
 PSYoungGen      total 68608K, used 5097K [0x00000000d6b00000, 0x00000000dfa00000, 0x0000000100000000)
  eden space 63488K, 0% used [0x00000000d6b00000,0x00000000d6b00000,0x00000000da900000)
  from space 5120K, 99% used [0x00000000da900000,0x00000000dadfa4d0,0x00000000dae00000)
  to   space 9728K, 0% used [0x00000000df080000,0x00000000df080000,0x00000000dfa00000)
 ParOldGen       total 84992K, used 9090K [0x0000000084000000, 0x0000000089300000, 0x00000000d6b00000)
  object space 84992K, 10% used [0x0000000084000000,0x00000000848e0a28,0x0000000089300000)
 Metaspace       used 20735K, capacity 21140K, committed 21248K, reserved 1067008K
  class space    used 2655K, capacity 2787K, committed 2816K, reserved 1048576K
Event: 8.252 GC heap after
Heap after GC invocations=6 (full 1):
 PSYoungGen      total 68608K, used 0K [0x00000000d6b00000, 0x00000000dfa00000, 0x0000000100000000)
  eden space 63488K, 0% used [0x00000000d6b00000,0x00000000d6b00000,0x00000000da900000)
  from space 5120K, 0% used [0x00000000da900000,0x00000000da900000,0x00000000dae00000)
  to   space 9728K, 0% used [0x00000000df080000,0x00000000df080000,0x00000000dfa00000)
 ParOldGen       total 54784K, used 5356K [0x0000000084000000, 0x0000000087580000, 0x00000000d6b00000)
  object space 54784K, 9% used [0x0000000084000000,0x000000008453b3a8,0x0000000087580000)
 Metaspace       used 20735K, capacity 21140K, committed 21248K, reserved 1067008K
  class space    used 2655K, capacity 2787K, committed 2816K, reserved 1048576K
}

