# JRE version: Java(TM) SE Runtime Environment (8.0_131-b11) (build 1.8.0_131-b11)
# Java VM: Java HotSpot(TM) 64-Bit Server VM (25.131-b11 mixed mode windows-amd64 compressed oops)
Heap:
 PSYoungGen      total 264192K, used 67326K [0x00000000d6b00000, 0x00000000e7980000, 0x0000000100000000)
  eden space 251904K, 26% used [0x00000000d6b00000,0x00000000dacbf9d0,0x00000000e6100000)
  from space 12288K, 0% used [0x00000000e6c80000,0x00000000e6c80000,0x00000000e7880000)
  to   space 11776K, 0% used [0x00000000e6100000,0x00000000e6100000,0x00000000e6c80000)
 ParOldGen       total 81408K, used 17077K [0x0000000084000000, 0x0000000088f80000, 0x00000000d6b00000)
  object space 81408K, 20% used [0x0000000084000000,0x00000000850ad4f8,0x0000000088f80000)
 Metaspace       used 35383K, capacity 36170K, committed 36312K, reserved 1081344K
  class space    used 4569K, capacity 4763K, committed 4864K, reserved 1048576K
GC Heap History (10 events):
Event: 13.934 GC heap before
{Heap before GC invocations=8 (full 1):
 PSYoungGen      total 113664K, used 113537K [0x00000000d6b00000, 0x00000000df500000, 0x0000000100000000)
  eden space 108544K, 100% used [0x00000000d6b00000,0x00000000dd500000,0x00000000dd500000)
  from space 5120K, 97% used [0x00000000df000000,0x00000000df4e04f8,0x00000000df500000)
  to   space 9216K, 0% used [0x00000000de300000,0x00000000de300000,0x00000000dec00000)
 ParOldGen       total 51200K, used 5023K [0x0000000084000000, 0x0000000087200000, 0x00000000d6b00000)
  object space 51200K, 9% used [0x0000000084000000,0x00000000844e7ca8,0x0000000087200000)
 Metaspace       used 26472K, capacity 27118K, committed 27392K, reserved 1073152K
  class space    used 3393K, capacity 3565K, committed 3584K, reserved 1048576K
Event: 13.953 GC heap after
Heap after GC invocations=8 (full 1):
 PSYoungGen      total 132096K, used 6693K [0x00000000d6b00000, 0x00000000e2d80000, 0x0000000100000000)
  eden space 122880K, 0% used [0x00000000d6b00000,0x00000000d6b00000,0x00000000de300000)
  from space 9216K, 72% used [0x00000000de300000,0x00000000de989648,0x00000000dec00000)
  to   space 9216K, 0% used [0x00000000e2480000,0x00000000e2480000,0x00000000e2d80000)
 ParOldGen       total 51200K, used 5031K [0x0000000084000000, 0x0000000087200000, 0x00000000d6b00000)
  object space 51200K, 9% used [0x0000000084000000,0x00000000844e9ca8,0x0000000087200000)
 Metaspace       used 26472K, capacity 27118K, committed 27392K, reserved 1073152K
  class space    used 3393K, capacity 3565K, committed 3584K, reserved 1048576K
}
Event: 16.554 GC heap before
{Heap before GC invocations=9 (full 1):
 PSYoungGen      total 132096K, used 129573K [0x00000000d6b00000, 0x00000000e2d80000, 0x0000000100000000)
  eden space 122880K, 100% used [0x00000000d6b00000,0x00000000de300000,0x00000000de300000)
  from space 9216K, 72% used [0x00000000de300000,0x00000000de989648,0x00000000dec00000)
  to   space 9216K, 0% used [0x00000000e2480000,0x00000000e2480000,0x00000000e2d80000)
 ParOldGen       total 51200K, used 5031K [0x0000000084000000, 0x0000000087200000, 0x00000000d6b00000)
  object space 51200K, 9% used [0x0000000084000000,0x00000000844e9ca8,0x0000000087200000)
 Metaspace       used 27224K, capacity 27866K, committed 28032K, reserved 1073152K
  class space    used 3487K, capacity 3635K, committed 3712K, reserved 1048576K
Event: 16.646 GC heap after
Heap after GC invocations=9 (full 1):
 PSYoungGen      total 189952K, used 7470K [0x00000000d6b00000, 0x00000000e4880000, 0x0000000100000000)
  eden space 180736K, 0% used [0x00000000d6b00000,0x00000000d6b00000,0x00000000e1b80000)
  from space 9216K, 81% used [0x00000000e2480000,0x00000000e2bcba28,0x00000000e2d80000)
  to   space 9216K, 0% used [0x00000000e1b80000,0x00000000e1b80000,0x00000000e2480000)
 ParOldGen       total 51200K, used 5031K [0x0000000084000000, 0x0000000087200000, 0x00000000d6b00000)
  object space 51200K, 9% used [0x0000000084000000,0x00000000844e9ca8,0x0000000087200000)
 Metaspace       used 27224K, capacity 27866K, committed 28032K, reserved 1073152K
  class space    used 3487K, capacity 3635K, committed 3712K, reserved 1048576K
}
Event: 24.110 GC heap before
{Heap before GC invocations=10 (full 1):
 PSYoungGen      total 189952K, used 188206K [0x00000000d6b00000, 0x00000000e4880000, 0x0000000100000000)
  eden space 180736K, 100% used [0x00000000d6b00000,0x00000000e1b80000,0x00000000e1b80000)
  from space 9216K, 81% used [0x00000000e2480000,0x00000000e2bcba28,0x00000000e2d80000)
  to   space 9216K, 0% used [0x00000000e1b80000,0x00000000e1b80000,0x00000000e2480000)
 ParOldGen       total 51200K, used 5031K [0x0000000084000000, 0x0000000087200000, 0x00000000d6b00000)
  object space 51200K, 9% used [0x0000000084000000,0x00000000844e9ca8,0x0000000087200000)
 Metaspace       used 32197K, capacity 32950K, committed 33152K, reserved 1077248K
  class space    used 4182K, capacity 4391K, committed 4480K, reserved 1048576K
Event: 24.155 GC heap after
Heap after GC invocations=10 (full 1):
 PSYoungGen      total 189952K, used 9211K [0x00000000d6b00000, 0x00000000e7880000, 0x0000000100000000)
  eden space 180736K, 0% used [0x00000000d6b00000,0x00000000d6b00000,0x00000000e1b80000)
  from space 9216K, 99% used [0x00000000e1b80000,0x00000000e247ee70,0x00000000e2480000)
  to   space 12288K, 0% used [0x00000000e6c80000,0x00000000e6c80000,0x00000000e7880000)
 ParOldGen       total 51200K, used 10247K [0x0000000084000000, 0x0000000087200000, 0x00000000d6b00000)
  object space 51200K, 20% used [0x0000000084000000,0x0000000084a01db0,0x0000000087200000)
 Metaspace       used 32197K, capacity 32950K, committed 33152K, reserved 1077248K
  class space    used 4182K, capacity 4391K, committed 4480K, reserved 1048576K
}
Event: 25.387 GC heap before
{Heap before GC invocations=11 (full 1):
 PSYoungGen      total 189952K, used 44659K [0x00000000d6b00000, 0x00000000e7880000, 0x0000000100000000)
  eden space 180736K, 19% used [0x00000000d6b00000,0x00000000d8d9deb8,0x00000000e1b80000)
  from space 9216K, 99% used [0x00000000e1b80000,0x00000000e247ee70,0x00000000e2480000)
  to   space 12288K, 0% used [0x00000000e6c80000,0x00000000e6c80000,0x00000000e7880000)
 ParOldGen       total 51200K, used 10247K [0x0000000084000000, 0x0000000087200000, 0x00000000d6b00000)
  object space 51200K, 20% used [0x0000000084000000,0x0000000084a01db0,0x0000000087200000)
 Metaspace       used 34562K, capacity 35316K, committed 35416K, reserved 1079296K
  class space    used 4468K, capacity 4656K, committed 4736K, reserved 1048576K
Event: 25.420 GC heap after
Heap after GC invocations=11 (full 1):
 PSYoungGen      total 264192K, used 7322K [0x00000000d6b00000, 0x00000000e7980000, 0x0000000100000000)
  eden space 251904K, 0% used [0x00000000d6b00000,0x00000000d6b00000,0x00000000e6100000)
  from space 12288K, 59% used [0x00000000e6c80000,0x00000000e73a6bf8,0x00000000e7880000)
  to   space 11776K, 0% used [0x00000000e6100000,0x00000000e6100000,0x00000000e6c80000)
 ParOldGen       total 51200K, used 14407K [0x0000000084000000, 0x0000000087200000, 0x00000000d6b00000)
  object space 51200K, 28% used [0x0000000084000000,0x0000000084e11df0,0x0000000087200000)
 Metaspace       used 34562K, capacity 35316K, committed 35416K, reserved 1079296K
  class space    used 4468K, capacity 4656K, committed 4736K, reserved 1048576K
}
Event: 25.420 GC heap before
{Heap before GC invocations=12 (full 2):
 PSYoungGen      total 264192K, used 7322K [0x00000000d6b00000, 0x00000000e7980000, 0x0000000100000000)
  eden space 251904K, 0% used [0x00000000d6b00000,0x00000000d6b00000,0x00000000e6100000)
  from space 12288K, 59% used [0x00000000e6c80000,0x00000000e73a6bf8,0x00000000e7880000)
  to   space 11776K, 0% used [0x00000000e6100000,0x00000000e6100000,0x00000000e6c80000)
 ParOldGen       total 51200K, used 14407K [0x0000000084000000, 0x0000000087200000, 0x00000000d6b00000)
  object space 51200K, 28% used [0x0000000084000000,0x0000000084e11df0,0x0000000087200000)
 Metaspace       used 34562K, capacity 35316K, committed 35416K, reserved 1079296K
  class space    used 4468K, capacity 4656K, committed 4736K, reserved 1048576K
Event: 25.689 GC heap after
Heap after GC invocations=12 (full 2):
 PSYoungGen      total 264192K, used 0K [0x00000000d6b00000, 0x00000000e7980000, 0x0000000100000000)
  eden space 251904K, 0% used [0x00000000d6b00000,0x00000000d6b00000,0x00000000e6100000)
  from space 12288K, 0% used [0x00000000e6c80000,0x00000000e6c80000,0x00000000e7880000)
  to   space 11776K, 0% used [0x00000000e6100000,0x00000000e6100000,0x00000000e6c80000)
 ParOldGen       total 81408K, used 17077K [0x0000000084000000, 0x0000000088f80000, 0x00000000d6b00000)
  object space 81408K, 20% used [0x0000000084000000,0x00000000850ad4f8,0x0000000088f80000)
 Metaspace       used 34562K, capacity 35316K, committed 35416K, reserved 1079296K
  class space    used 4468K, capacity 4656K, committed 4736K, reserved 1048576K
}

